Started by user [8mha:////4Nct9mT4JkcR2n6qL2qp2Se2jSWIXugywtK/9phaDtIgAAAAmB+LCAAAAAAAAP9b85aBtbiIQTGjNKU4P08vOT+vOD8nVc83PyU1x6OyILUoJzMv2y+/JJUBAhiZGBgqihhk0NSjKDWzXb3RdlLBUSYGJk8GtpzUvPSSDB8G5tKinBIGIZ+sxLJE/ZzEvHT94JKizLx0a6BxUmjGOUNodHsLgAzuEgYe/dLi1CL9lPzk7NQiAErXYGvBAAAA[0mzzz@zzz.com
Building in workspace /var/jenkins_home/workspace/testjenkins
 > git rev-parse --is-inside-work-tree # timeout=10
Fetching changes from the remote Git repository
 > git config remote.origin.url https://zerodown524@bitbucket.org/zerodown524/k8s-python-test-app.git # timeout=10
Fetching upstream changes from https://zerodown524@bitbucket.org/zerodown524/k8s-python-test-app.git
 > git --version # timeout=10
 > git fetch --tags --progress https://zerodown524@bitbucket.org/zerodown524/k8s-python-test-app.git +refs/heads/*:refs/remotes/origin/*
 > git rev-parse refs/remotes/origin/master^{commit} # timeout=10
 > git rev-parse refs/remotes/origin/origin/master^{commit} # timeout=10
Checking out Revision 886aef64c7925a09de4493279902aa7cfe7ab7a4 (refs/remotes/origin/master)
 > git config core.sparsecheckout # timeout=10
 > git checkout -f 886aef64c7925a09de4493279902aa7cfe7ab7a4
Commit message: "pytest_deployment.yaml edited online with Bitbucket"
 > git rev-list --no-walk 886aef64c7925a09de4493279902aa7cfe7ab7a4 # timeout=10
ERROR: Unrecognized macro 'DOCKER_REGISRY' in '$DOCKER_REGISRY/pytest'
org.jenkinsci.plugins.tokenmacro.MacroEvaluationException: Unrecognized macro 'DOCKER_REGISRY' in '$DOCKER_REGISRY/pytest'
	at org.jenkinsci.plugins.tokenmacro.Parser.processToken(Parser.java:326)
	at org.jenkinsci.plugins.tokenmacro.Action$KiHW1UeqOdqAwZul.run(Unknown Source)
	at org.parboiled.matchers.ActionMatcher.match(ActionMatcher.java:96)
	at org.parboiled.parserunners.BasicParseRunner.match(BasicParseRunner.java:77)
	at org.parboiled.MatcherContext.runMatcher(MatcherContext.java:351)
	at org.parboiled.matchers.SequenceMatcher.match(SequenceMatcher.java:46)
	at org.parboiled.parserunners.BasicParseRunner.match(BasicParseRunner.java:77)
	at org.parboiled.MatcherContext.runMatcher(MatcherContext.java:351)
	at org.parboiled.matchers.FirstOfMatcher.match(FirstOfMatcher.java:41)
	at org.parboiled.parserunners.BasicParseRunner.match(BasicParseRunner.java:77)
	at org.parboiled.MatcherContext.runMatcher(MatcherContext.java:351)
	at org.parboiled.matchers.FirstOfMatcher.match(FirstOfMatcher.java:41)
	at org.parboiled.parserunners.BasicParseRunner.match(BasicParseRunner.java:77)
	at org.parboiled.MatcherContext.runMatcher(MatcherContext.java:351)
	at org.parboiled.matchers.ZeroOrMoreMatcher.match(ZeroOrMoreMatcher.java:39)
	at org.parboiled.parserunners.BasicParseRunner.match(BasicParseRunner.java:77)
	at org.parboiled.MatcherContext.runMatcher(MatcherContext.java:351)
	at org.parboiled.matchers.SequenceMatcher.match(SequenceMatcher.java:46)
	at org.parboiled.parserunners.BasicParseRunner.match(BasicParseRunner.java:77)
	at org.parboiled.MatcherContext.runMatcher(MatcherContext.java:351)
	at org.parboiled.parserunners.BasicParseRunner.run(BasicParseRunner.java:72)
	at org.parboiled.parserunners.ReportingParseRunner.runBasicMatch(ReportingParseRunner.java:86)
	at org.parboiled.parserunners.ReportingParseRunner.run(ReportingParseRunner.java:66)
	at org.parboiled.parserunners.AbstractParseRunner.run(AbstractParseRunner.java:81)
	at org.parboiled.parserunners.AbstractParseRunner.run(AbstractParseRunner.java:76)
	at org.jenkinsci.plugins.tokenmacro.Parser.process(Parser.java:68)
	at org.jenkinsci.plugins.tokenmacro.TokenMacro.expand(TokenMacro.java:204)
	at org.jenkinsci.plugins.tokenmacro.TokenMacro.expandAll(TokenMacro.java:234)
	at org.jenkinsci.plugins.tokenmacro.TokenMacro.expandAll(TokenMacro.java:216)
	at org.jenkinsci.plugins.tokenmacro.TokenMacro.expandAll(TokenMacro.java:208)
	at com.cloudbees.dockerpublish.DockerBuilder$Perform.expandAll(DockerBuilder.java:324)
	at com.cloudbees.dockerpublish.DockerBuilder$Perform.getImageTags(DockerBuilder.java:336)
	at com.cloudbees.dockerpublish.DockerBuilder$Perform.exec(DockerBuilder.java:305)
	at com.cloudbees.dockerpublish.DockerBuilder$Perform.access$100(DockerBuilder.java:291)
	at com.cloudbees.dockerpublish.DockerBuilder.perform(DockerBuilder.java:262)
	at hudson.tasks.BuildStepMonitor$1.perform(BuildStepMonitor.java:20)
	at hudson.model.AbstractBuild$AbstractBuildExecution.perform(AbstractBuild.java:744)
	at hudson.model.Build$BuildExecution.build(Build.java:206)
	at hudson.model.Build$BuildExecution.doRun(Build.java:163)
	at hudson.model.AbstractBuild$AbstractBuildExecution.run(AbstractBuild.java:504)
	at hudson.model.Run.execute(Run.java:1794)
	at hudson.model.FreeStyleBuild.run(FreeStyleBuild.java:43)
	at hudson.model.ResourceController.execute(ResourceController.java:97)
	at hudson.model.Executor.run(Executor.java:429)
Build step 'Docker Build and Publish' marked build as failure
Finished: FAILURE
